2024-08-01 15:42:54.157  WARN 5172 --- [http-nio-7777-exec-10] com.hgd.aspect.LogAspect                 : hotArticleList执行参数：[]
2024-08-01 15:42:54.157  WARN 5172 --- [http-nio-7777-exec-7] com.hgd.aspect.LogAspect                 : getCategoryList执行参数：[]
2024-08-01 15:42:54.168  WARN 5172 --- [http-nio-7777-exec-8] com.hgd.aspect.LogAspect                 : articleList执行参数：[0, 1, 10]
2024-08-01 15:42:54.225  WARN 5172 --- [http-nio-7777-exec-7] com.hgd.aspect.LogAspect                 : getCategoryList的返回值：{"code":200,"data":[{"id":"1","name":"java"},{"id":"2","name":"C++"},{"id":"3","name":"go"}],"msg":"成功"}
2024-08-01 15:42:54.225  WARN 5172 --- [http-nio-7777-exec-10] com.hgd.aspect.LogAspect                 : hotArticleList的返回值：{"code":200,"data":[{"id":"2","title":"JavaWeb之过滤器Filter","viewCount":"1152"},{"id":"1","title":"SpringBoot框架精讲","viewCount":"447"},{"id":"3","title":"C++起源","viewCount":"122"},{"id":"4","title":"Go语言超全详解","viewCount":"11"},{"id":"12","title":"test111222","viewCount":"0"}],"msg":"成功"}
2024-08-01 15:42:54.310 ERROR 5172 --- [http-nio-7777-exec-8] com.hgd.aspect.LogAspect                 : articleList报错：null
2024-08-01 15:42:56.418  WARN 5172 --- [http-nio-7777-exec-1] com.hgd.aspect.LogAspect                 : getCategoryList执行参数：[]
2024-08-01 15:42:56.418  WARN 5172 --- [http-nio-7777-exec-2] com.hgd.aspect.LogAspect                 : articleList执行参数：[0, 1, 10]
2024-08-01 15:42:56.418  WARN 5172 --- [http-nio-7777-exec-3] com.hgd.aspect.LogAspect                 : hotArticleList执行参数：[]
2024-08-01 15:42:56.426  WARN 5172 --- [http-nio-7777-exec-3] com.hgd.aspect.LogAspect                 : hotArticleList的返回值：{"code":200,"data":[{"id":"2","title":"JavaWeb之过滤器Filter","viewCount":"1152"},{"id":"1","title":"SpringBoot框架精讲","viewCount":"447"},{"id":"3","title":"C++起源","viewCount":"122"},{"id":"4","title":"Go语言超全详解","viewCount":"11"},{"id":"12","title":"test111222","viewCount":"0"}],"msg":"成功"}
2024-08-01 15:42:56.427  WARN 5172 --- [http-nio-7777-exec-1] com.hgd.aspect.LogAspect                 : getCategoryList的返回值：{"code":200,"data":[{"id":"1","name":"java"},{"id":"2","name":"C++"},{"id":"3","name":"go"}],"msg":"成功"}
2024-08-01 15:42:56.450 ERROR 5172 --- [http-nio-7777-exec-2] com.hgd.aspect.LogAspect                 : articleList报错：null
2024-08-01 15:43:23.772  WARN 5172 --- [http-nio-7777-exec-4] com.hgd.aspect.LogAspect                 : getCategoryList执行参数：[]
2024-08-01 15:43:23.772  WARN 5172 --- [http-nio-7777-exec-5] com.hgd.aspect.LogAspect                 : articleList执行参数：[0, 1, 10]
2024-08-01 15:43:23.772  WARN 5172 --- [http-nio-7777-exec-6] com.hgd.aspect.LogAspect                 : hotArticleList执行参数：[]
2024-08-01 15:43:23.776  WARN 5172 --- [http-nio-7777-exec-6] com.hgd.aspect.LogAspect                 : hotArticleList的返回值：{"code":200,"data":[{"id":"2","title":"JavaWeb之过滤器Filter","viewCount":"1152"},{"id":"1","title":"SpringBoot框架精讲","viewCount":"447"},{"id":"3","title":"C++起源","viewCount":"122"},{"id":"4","title":"Go语言超全详解","viewCount":"11"},{"id":"12","title":"test111222","viewCount":"0"}],"msg":"成功"}
2024-08-01 15:43:23.779  WARN 5172 --- [http-nio-7777-exec-4] com.hgd.aspect.LogAspect                 : getCategoryList的返回值：{"code":200,"data":[{"id":"1","name":"java"},{"id":"2","name":"C++"},{"id":"3","name":"go"}],"msg":"成功"}
2024-08-01 15:43:23.796 ERROR 5172 --- [http-nio-7777-exec-5] com.hgd.aspect.LogAspect                 : articleList报错：null
2024-08-01 15:48:16.800  WARN 5172 --- [http-nio-7777-exec-3] com.hgd.aspect.LogAspect                 : getCategoryList执行参数：[]
2024-08-01 15:48:16.807  WARN 5172 --- [http-nio-7777-exec-1] com.hgd.aspect.LogAspect                 : articleList执行参数：[0, 1, 10]
2024-08-01 15:48:16.808  WARN 5172 --- [http-nio-7777-exec-3] com.hgd.aspect.LogAspect                 : getCategoryList的返回值：{"code":200,"data":[{"id":"1","name":"java"},{"id":"2","name":"C++"},{"id":"3","name":"go"}],"msg":"成功"}
2024-08-01 15:48:16.813  WARN 5172 --- [http-nio-7777-exec-2] com.hgd.aspect.LogAspect                 : hotArticleList执行参数：[]
2024-08-01 15:48:16.816  WARN 5172 --- [http-nio-7777-exec-2] com.hgd.aspect.LogAspect                 : hotArticleList的返回值：{"code":200,"data":[{"id":"2","title":"JavaWeb之过滤器Filter","viewCount":"1152"},{"id":"1","title":"SpringBoot框架精讲","viewCount":"447"},{"id":"3","title":"C++起源","viewCount":"122"},{"id":"4","title":"Go语言超全详解","viewCount":"11"},{"id":"12","title":"test111222","viewCount":"0"}],"msg":"成功"}
2024-08-01 15:48:16.829 ERROR 5172 --- [http-nio-7777-exec-1] com.hgd.aspect.LogAspect                 : articleList报错：null
2024-08-01 15:50:06.683  WARN 14504 --- [http-nio-7777-exec-3] com.hgd.aspect.LogAspect                 : hotArticleList执行参数：[]
2024-08-01 15:50:06.683  WARN 14504 --- [http-nio-7777-exec-1] com.hgd.aspect.LogAspect                 : getCategoryList执行参数：[]
2024-08-01 15:50:06.692  WARN 14504 --- [http-nio-7777-exec-2] com.hgd.aspect.LogAspect                 : articleList执行参数：[0, 1, 10]
2024-08-01 15:50:06.715  WARN 14504 --- [http-nio-7777-exec-1] com.hgd.aspect.LogAspect                 : getCategoryList的返回值：{"code":200,"data":[{"id":"1","name":"java"},{"id":"2","name":"C++"},{"id":"3","name":"go"}],"msg":"成功"}
2024-08-01 15:50:06.716  WARN 14504 --- [http-nio-7777-exec-3] com.hgd.aspect.LogAspect                 : hotArticleList的返回值：{"code":200,"data":[{"id":"2","title":"JavaWeb之过滤器Filter","viewCount":"1152"},{"id":"1","title":"SpringBoot框架精讲","viewCount":"447"},{"id":"3","title":"C++起源","viewCount":"122"},{"id":"4","title":"Go语言超全详解","viewCount":"11"},{"id":"12","title":"test111222","viewCount":"0"}],"msg":"成功"}
2024-08-01 15:50:06.772 ERROR 14504 --- [http-nio-7777-exec-2] com.hgd.aspect.LogAspect                 : articleList报错：null
2024-08-01 15:50:23.914  WARN 14504 --- [http-nio-7777-exec-4] com.hgd.aspect.LogAspect                 : getCategoryList执行参数：[]
2024-08-01 15:50:46.856  WARN 14504 --- [http-nio-7777-exec-5] com.hgd.aspect.LogAspect                 : articleList执行参数：[0, 1, 10]
2024-08-01 15:50:51.376  WARN 14504 --- [http-nio-7777-exec-4] com.hgd.aspect.LogAspect                 : getCategoryList的返回值：{"code":200,"data":[{"id":"1","name":"java"},{"id":"2","name":"C++"},{"id":"3","name":"go"}],"msg":"成功"}
2024-08-01 15:50:51.378  WARN 14504 --- [http-nio-7777-exec-6] com.hgd.aspect.LogAspect                 : hotArticleList执行参数：[]
2024-08-01 15:50:51.388  WARN 14504 --- [http-nio-7777-exec-6] com.hgd.aspect.LogAspect                 : hotArticleList的返回值：{"code":200,"data":[{"id":"2","title":"JavaWeb之过滤器Filter","viewCount":"1152"},{"id":"1","title":"SpringBoot框架精讲","viewCount":"447"},{"id":"3","title":"C++起源","viewCount":"122"},{"id":"4","title":"Go语言超全详解","viewCount":"11"},{"id":"12","title":"test111222","viewCount":"0"}],"msg":"成功"}
2024-08-01 15:50:51.417 ERROR 14504 --- [http-nio-7777-exec-5] com.hgd.aspect.LogAspect                 : articleList报错：null
2024-08-01 15:50:59.759  WARN 14504 --- [http-nio-7777-exec-1] com.hgd.aspect.LogAspect                 : articleList执行参数：[0, 1, 10]
2024-08-01 15:50:59.759  WARN 14504 --- [http-nio-7777-exec-10] com.hgd.aspect.LogAspect                 : getCategoryList执行参数：[]
2024-08-01 15:50:59.759  WARN 14504 --- [http-nio-7777-exec-3] com.hgd.aspect.LogAspect                 : hotArticleList执行参数：[]
2024-08-01 15:50:59.765  WARN 14504 --- [http-nio-7777-exec-3] com.hgd.aspect.LogAspect                 : hotArticleList的返回值：{"code":200,"data":[{"id":"2","title":"JavaWeb之过滤器Filter","viewCount":"1152"},{"id":"1","title":"SpringBoot框架精讲","viewCount":"447"},{"id":"3","title":"C++起源","viewCount":"122"},{"id":"4","title":"Go语言超全详解","viewCount":"11"},{"id":"12","title":"test111222","viewCount":"0"}],"msg":"成功"}
2024-08-01 15:50:59.768  WARN 14504 --- [http-nio-7777-exec-10] com.hgd.aspect.LogAspect                 : getCategoryList的返回值：{"code":200,"data":[{"id":"1","name":"java"},{"id":"2","name":"C++"},{"id":"3","name":"go"}],"msg":"成功"}
2024-08-01 15:50:59.785 ERROR 14504 --- [http-nio-7777-exec-1] com.hgd.aspect.LogAspect                 : articleList报错：null
2024-08-01 15:51:02.236  WARN 14504 --- [http-nio-7777-exec-2] com.hgd.aspect.LogAspect                 : getCategoryList执行参数：[]
2024-08-01 15:51:02.236  WARN 14504 --- [http-nio-7777-exec-4] com.hgd.aspect.LogAspect                 : articleList执行参数：[0, 1, 10]
2024-08-01 15:51:02.241  WARN 14504 --- [http-nio-7777-exec-6] com.hgd.aspect.LogAspect                 : hotArticleList执行参数：[]
2024-08-01 15:51:02.244  WARN 14504 --- [http-nio-7777-exec-2] com.hgd.aspect.LogAspect                 : getCategoryList的返回值：{"code":200,"data":[{"id":"1","name":"java"},{"id":"2","name":"C++"},{"id":"3","name":"go"}],"msg":"成功"}
2024-08-01 15:51:02.245  WARN 14504 --- [http-nio-7777-exec-6] com.hgd.aspect.LogAspect                 : hotArticleList的返回值：{"code":200,"data":[{"id":"2","title":"JavaWeb之过滤器Filter","viewCount":"1152"},{"id":"1","title":"SpringBoot框架精讲","viewCount":"447"},{"id":"3","title":"C++起源","viewCount":"122"},{"id":"4","title":"Go语言超全详解","viewCount":"11"},{"id":"12","title":"test111222","viewCount":"0"}],"msg":"成功"}
2024-08-01 15:51:02.260 ERROR 14504 --- [http-nio-7777-exec-4] com.hgd.aspect.LogAspect                 : articleList报错：null
2024-08-01 15:51:11.568  WARN 14504 --- [http-nio-7777-exec-5] com.hgd.aspect.LogAspect                 : getCategoryList执行参数：[]
2024-08-01 15:51:11.568  WARN 14504 --- [http-nio-7777-exec-7] com.hgd.aspect.LogAspect                 : hotArticleList执行参数：[]
2024-08-01 15:51:11.569  WARN 14504 --- [http-nio-7777-exec-9] com.hgd.aspect.LogAspect                 : articleList执行参数：[0, 1, 10]
2024-08-01 15:51:11.572  WARN 14504 --- [http-nio-7777-exec-7] com.hgd.aspect.LogAspect                 : hotArticleList的返回值：{"code":200,"data":[{"id":"2","title":"JavaWeb之过滤器Filter","viewCount":"1152"},{"id":"1","title":"SpringBoot框架精讲","viewCount":"447"},{"id":"3","title":"C++起源","viewCount":"122"},{"id":"4","title":"Go语言超全详解","viewCount":"11"},{"id":"12","title":"test111222","viewCount":"0"}],"msg":"成功"}
2024-08-01 15:51:11.575  WARN 14504 --- [http-nio-7777-exec-5] com.hgd.aspect.LogAspect                 : getCategoryList的返回值：{"code":200,"data":[{"id":"1","name":"java"},{"id":"2","name":"C++"},{"id":"3","name":"go"}],"msg":"成功"}
2024-08-01 15:51:11.589 ERROR 14504 --- [http-nio-7777-exec-9] com.hgd.aspect.LogAspect                 : articleList报错：null
2024-08-01 15:51:15.611  WARN 14504 --- [http-nio-7777-exec-8] com.hgd.aspect.LogAspect                 : getCategoryList执行参数：[]
2024-08-01 15:51:15.612  WARN 14504 --- [http-nio-7777-exec-3] com.hgd.aspect.LogAspect                 : articleList执行参数：[0, 1, 10]
2024-08-01 15:51:15.612  WARN 14504 --- [http-nio-7777-exec-10] com.hgd.aspect.LogAspect                 : hotArticleList执行参数：[]
2024-08-01 15:51:15.616  WARN 14504 --- [http-nio-7777-exec-10] com.hgd.aspect.LogAspect                 : hotArticleList的返回值：{"code":200,"data":[{"id":"2","title":"JavaWeb之过滤器Filter","viewCount":"1152"},{"id":"1","title":"SpringBoot框架精讲","viewCount":"447"},{"id":"3","title":"C++起源","viewCount":"122"},{"id":"4","title":"Go语言超全详解","viewCount":"11"},{"id":"12","title":"test111222","viewCount":"0"}],"msg":"成功"}
2024-08-01 15:51:15.618  WARN 14504 --- [http-nio-7777-exec-8] com.hgd.aspect.LogAspect                 : getCategoryList的返回值：{"code":200,"data":[{"id":"1","name":"java"},{"id":"2","name":"C++"},{"id":"3","name":"go"}],"msg":"成功"}
2024-08-01 15:51:15.630 ERROR 14504 --- [http-nio-7777-exec-3] com.hgd.aspect.LogAspect                 : articleList报错：null
2024-08-01 15:51:24.114  WARN 14504 --- [http-nio-7777-exec-1] com.hgd.aspect.LogAspect                 : getCategoryList执行参数：[]
2024-08-01 15:51:26.023  WARN 14504 --- [http-nio-7777-exec-6] com.hgd.aspect.LogAspect                 : hotArticleList执行参数：[]
2024-08-01 15:51:26.046  WARN 14504 --- [http-nio-7777-exec-1] com.hgd.aspect.LogAspect                 : getCategoryList的返回值：{"code":200,"data":[{"id":"1","name":"java"},{"id":"2","name":"C++"},{"id":"3","name":"go"}],"msg":"成功"}
2024-08-01 15:51:26.046  WARN 14504 --- [http-nio-7777-exec-2] com.hgd.aspect.LogAspect                 : articleList执行参数：[0, 1, 10]
2024-08-01 15:51:27.573  WARN 14504 --- [http-nio-7777-exec-6] com.hgd.aspect.LogAspect                 : hotArticleList的返回值：{"code":200,"data":[{"id":"2","title":"JavaWeb之过滤器Filter","viewCount":"1152"},{"id":"1","title":"SpringBoot框架精讲","viewCount":"447"},{"id":"3","title":"C++起源","viewCount":"122"},{"id":"4","title":"Go语言超全详解","viewCount":"11"},{"id":"12","title":"test111222","viewCount":"0"}],"msg":"成功"}
2024-08-01 15:51:40.375 ERROR 14504 --- [http-nio-7777-exec-2] com.hgd.aspect.LogAspect                 : articleList报错：null
2024-08-01 15:52:43.563  WARN 14548 --- [http-nio-7777-exec-5] com.hgd.aspect.LogAspect                 : getCategoryList执行参数：[]
2024-08-01 15:52:43.563  WARN 14548 --- [http-nio-7777-exec-6] com.hgd.aspect.LogAspect                 : hotArticleList执行参数：[]
2024-08-01 15:52:47.784  WARN 14548 --- [http-nio-7777-exec-3] com.hgd.aspect.LogAspect                 : articleList执行参数：[0, 1, 10]
2024-08-01 15:52:47.824  WARN 14548 --- [http-nio-7777-exec-5] com.hgd.aspect.LogAspect                 : getCategoryList的返回值：{"code":200,"data":[{"id":"1","name":"java"},{"id":"2","name":"C++"},{"id":"3","name":"go"}],"msg":"成功"}
2024-08-01 15:52:47.824  WARN 14548 --- [http-nio-7777-exec-6] com.hgd.aspect.LogAspect                 : hotArticleList的返回值：{"code":200,"data":[{"id":"2","title":"JavaWeb之过滤器Filter","viewCount":"1152"},{"id":"1","title":"SpringBoot框架精讲","viewCount":"447"},{"id":"3","title":"C++起源","viewCount":"122"},{"id":"4","title":"Go语言超全详解","viewCount":"11"},{"id":"12","title":"test111222","viewCount":"0"}],"msg":"成功"}
2024-08-01 15:53:48.631  WARN 14548 --- [HikariPool-1 housekeeper] com.zaxxer.hikari.pool.HikariPool        : HikariPool-1 - Thread starvation or clock leap detected (housekeeper delta=1m5s246ms808µs300ns).
2024-08-01 15:54:31.263 ERROR 14548 --- [http-nio-7777-exec-3] com.hgd.aspect.LogAspect                 : articleList报错：null
2024-08-01 15:54:31.266  WARN 14548 --- [http-nio-7777-exec-9] com.hgd.aspect.LogAspect                 : getCategoryList执行参数：[]
2024-08-01 15:54:31.266  WARN 14548 --- [http-nio-7777-exec-10] com.hgd.aspect.LogAspect                 : hotArticleList执行参数：[]
2024-08-01 15:54:31.274  WARN 14548 --- [http-nio-7777-exec-10] com.hgd.aspect.LogAspect                 : hotArticleList的返回值：{"code":200,"data":[{"id":"2","title":"JavaWeb之过滤器Filter","viewCount":"1152"},{"id":"1","title":"SpringBoot框架精讲","viewCount":"447"},{"id":"3","title":"C++起源","viewCount":"122"},{"id":"4","title":"Go语言超全详解","viewCount":"11"},{"id":"12","title":"test111222","viewCount":"0"}],"msg":"成功"}
2024-08-01 15:54:31.275  WARN 14548 --- [http-nio-7777-exec-4] com.hgd.aspect.LogAspect                 : articleList执行参数：[0, 1, 10]
2024-08-01 15:54:31.276  WARN 14548 --- [http-nio-7777-exec-9] com.hgd.aspect.LogAspect                 : getCategoryList的返回值：{"code":200,"data":[{"id":"1","name":"java"},{"id":"2","name":"C++"},{"id":"3","name":"go"}],"msg":"成功"}
2024-08-01 15:54:31.310  WARN 14548 --- [http-nio-7777-exec-4] com.hgd.aspect.LogAspect                 : articleList的返回值：{"code":200,"data":{"total":"5","rows":[{"categoryId":"1","categoryName":"java","createTime":1685604841000,"id":"1","summary":"springboot是spring家族中的一个全新框架","thumbnail":"https://img2.baidu.com/it/u=389128121,3560765504&fm=253&fmt=auto&app=120&f=JPEG?w=1422&h=800","title":"SpringBoot框架精讲","viewCount":"447"},{"categoryId":"1","categoryName":"java","createTime":1686728046000,"id":"2","summary":"Filter是JavaWeb三大组件之一","thumbnail":"https://img2.baidu.com/it/u=389128121,3560765504&fm=253&fmt=auto&app=120&f=JPEG?w=1422&h=800","title":"JavaWeb之过滤器Filter","viewCount":"1152"},{"categoryId":"2","categoryName":"C++","createTime":1685604849000,"id":"3","summary":"贝尔实验室20世纪80年代(1979)","thumbnail":"https://img2.baidu.com/it/u=389128121,3560765504&fm=253&fmt=auto&app=120&f=JPEG?w=1422&h=800","title":"C++起源","viewCount":"122"},{"categoryId":"1","categoryName":"java","createTime":1722498138000,"id":"12","summary":"testtest222333","thumbnail":"http://shgxve1jn.hn-bkt.clouddn.com/20afe124-72a5-4b44-8a55-4e274aab3937","title":"test111222","viewCount":"0"},{"categoryId":"3","categoryName":"go","createTime":1687937652000,"id":"4","summary":"在具体学习go语言的基础语法之前，我们来了解一下go语言出现的时机及其特点。","thumbnail":"https://img2.baidu.com/it/u=389128121,3560765504&fm=253&fmt=auto&app=120&f=JPEG?w=1422&h=800","title":"Go语言超全详解","viewCount":"11"}]},"msg":"成功"}
